<?xml version="1.0" encoding="UTF-8"?>
<!-- Generated by org.testng.reporters.JUnitReportReporter -->
<testsuite hostname="ExelogicMM012-Mac-mini.local" name="pack.ParallelTest" tests="2" failures="0" timestamp="4 Mar 2015 05:28:59 GMT" time="3.950" errors="0">
  <testcase name="Test02" time="2.769" classname="pack.ParallelTest"/>
  <testcase name="Test01" time="1.181" classname="pack.ParallelTest"/>
</testsuite> <!-- pack.ParallelTest -->
